<?xml version="1.0" encoding="UTF-8" ?>
<testsuite errors="0" failures="1" hostname="Angela-PC" name="edu.odu.cs.cs350.namex.UnitTests.testTrainer" skipped="0" tests="1" time="0.117" timestamp="2016-04-09T21:54:24">
  <properties>
    <property name="file.encoding.pkg" value="sun.io" />
    <property name="ivy.retrieve.pattern.ivy.instance" value="C:\Users\Angela\git\Red2\PNE/lib/[artifact]-[revision](-[classifier]).[ext]" />
    <property name="java.vendor.url.ivy.instance" value="http://java.oracle.com/" />
    <property name="ivy.project.dir.ivy.instance" value="C:\Users\Angela\git\Red2\PNE" />
    <property name="ivy.resolve.default.type.filter" value="*" />
    <property name="java.home" value="C:\Program Files\Java\jre1.8.0_73" />
    <property name="ivy.configurations.ivy.instance" value="*" />
    <property name="ivy.basedir.ivy.instance" value="C:\Users\Angela\git\Red2\PNE" />
    <property name="ivy.dep.file.ivy.instance" value="ivy.xml" />
    <property name="java.endorsed.dirs" value="C:\Program Files\Java\jre1.8.0_73\lib\endorsed" />
    <property name="java.class.path.ivy.instance" value="C:\Users\Angela\.p2\pool\plugins\org.apache.ant_1.9.4.v201504302020\lib\ant-antlr.jar;C:\Users\Angela\.p2\pool\plugins\org.apache.ant_1.9.4.v201504302020\lib\ant-apache-bcel.jar;C:\Users\Angela\.p2\pool\plugins\org.apache.ant_1.9.4.v201504302020\lib\ant-apache-bsf.jar;C:\Users\Angela\.p2\pool\plugins\org.apache.ant_1.9.4.v201504302020\lib\ant-apache-log4j.jar;C:\Users\Angela\.p2\pool\plugins\org.apache.ant_1.9.4.v201504302020\lib\ant-apache-oro.jar;C:\Users\Angela\.p2\pool\plugins\org.apache.ant_1.9.4.v201504302020\lib\ant-apache-regexp.jar;C:\Users\Angela\.p2\pool\plugins\org.apache.ant_1.9.4.v201504302020\lib\ant-apache-resolver.jar;C:\Users\Angela\.p2\pool\plugins\org.apache.ant_1.9.4.v201504302020\lib\ant-apache-xalan2.jar;C:\Users\Angela\.p2\pool\plugins\org.apache.ant_1.9.4.v201504302020\lib\ant-commons-logging.jar;C:\Users\Angela\.p2\pool\plugins\org.apache.ant_1.9.4.v201504302020\lib\ant-commons-net.jar;C:\Users\Angela\.p2\pool\plugins\org.apache.ant_1.9.4.v201504302020\lib\ant-jai.jar;C:\Users\Angela\.p2\pool\plugins\org.apache.ant_1.9.4.v201504302020\lib\ant-javamail.jar;C:\Users\Angela\.p2\pool\plugins\org.apache.ant_1.9.4.v201504302020\lib\ant-jdepend.jar;C:\Users\Angela\.p2\pool\plugins\org.apache.ant_1.9.4.v201504302020\lib\ant-jmf.jar;C:\Users\Angela\.p2\pool\plugins\org.apache.ant_1.9.4.v201504302020\lib\ant-jsch.jar;C:\Users\Angela\.p2\pool\plugins\org.apache.ant_1.9.4.v201504302020\lib\ant-junit.jar;C:\Users\Angela\.p2\pool\plugins\org.apache.ant_1.9.4.v201504302020\lib\ant-junit4.jar;C:\Users\Angela\.p2\pool\plugins\org.apache.ant_1.9.4.v201504302020\lib\ant-launcher.jar;C:\Users\Angela\.p2\pool\plugins\org.apache.ant_1.9.4.v201504302020\lib\ant-netrexx.jar;C:\Users\Angela\.p2\pool\plugins\org.apache.ant_1.9.4.v201504302020\lib\ant-swing.jar;C:\Users\Angela\.p2\pool\plugins\org.apache.ant_1.9.4.v201504302020\lib\ant-testutil.jar;C:\Users\Angela\.p2\pool\plugins\org.apache.ant_1.9.4.v201504302020\lib\ant.jar;C:\Users\Angela\.p2\pool\plugins\org.apache.ivy.eclipse.ant_2.4.0.final_20141213170938\ivy.jar;C:\Users\Angela\eclipse\java-mars\eclipse\configuration\org.eclipse.osgi\61\0\.cp\lib\antdebug.jar;C:\Users\Angela\eclipse\java-mars\eclipse\configuration\org.eclipse.osgi\61\0\.cp\lib\remote.jar;C:\Users\Angela\eclipse\java-mars\eclipse\configuration\org.eclipse.osgi\62\0\.cp\lib\remoteAnt.jar;C:\Program Files\Java\jdk1.8.0_73\lib\tools.jar;C:\Users\Angela\.p2\pool\plugins\org.eclipse.swt.win32.win32.x86_64_3.104.1.v20150825-0743.jar" />
    <property name="ivy.home" value="C:\Users\Angela\.ivy2" />
    <property name="java.vm.specification.vendor.ivy.instance" value="Oracle Corporation" />
    <property name="sun.os.patch.level" value="Service Pack 1" />
    <property name="ivy.dep.file" value="ivy.xml" />
    <property name="java.vendor.url" value="http://java.oracle.com/" />
    <property name="ivy.lib.dir.ivy.instance" value="C:\Users\Angela\git\Red2\PNE/lib" />
    <property name="java.version" value="1.8.0_73" />
    <property name="ivy.conf.dir.ivy.instance" value="C:\Users\Angela\git\Red2\PNE" />
    <property name="sun.boot.library.path.ivy.instance" value="C:\Program Files\Java\jre1.8.0_73\bin" />
    <property name="ivy.report.output.pattern.ivy.instance" value="[organisation]-[module]-[conf].[ext]" />
    <property name="ivy.module" value="Personal Name Extractor" />
    <property name="ivy.publish.src.artifacts.pattern.ivy.instance" value="C:\Users\Angela\git\Red2\PNE/distrib/[type]s/[artifact]-[revision](-[classifier]).[ext]" />
    <property name="java.vendor.url.bug" value="http://bugreport.sun.com/bugreport/" />
    <property name="sun.management.compiler.ivy.instance" value="HotSpot 64-Bit Tiered Compilers" />
    <property name="ant.project.invoked-targets" value="build" />
    <property name="os.name.ivy.instance" value="Windows 7" />
    <property name="ivy.default.ivy.user.dir.ivy.instance" value="C:\Users\Angela\.ivy2" />
    <property name="ivy.default.always.check.exact.revision" value="false" />
    <property name="ivy.default.settings.dir.ivy.instance" value="jar:file:/C:/Users/Angela/.p2/pool/plugins/org.apache.ivy.eclipse.ant_2.4.0.final_20141213170938/ivy.jar!/org/apache/ivy/core/settings" />
    <property name="user.name" value="Angela" />
    <property name="sun.io.unicode.encoding" value="UnicodeLittle" />
    <property name="sun.jnu.encoding" value="Cp1252" />
    <property name="java.runtime.name" value="Java(TM) SE Runtime Environment" />
    <property name="ant.home.ivy.instance" value="C:\Users\Angela\.p2\pool\plugins\org.apache.ant_1.9.4.v201504302020" />
    <property name="file.encoding.ivy.instance" value="UTF-8" />
    <property name="ivy.cache.ttl.default.ivy.instance" value="10s" />
    <property name="ivy.conf.file.ivy.instance" value="C:\Users\Angela\git\Red2\PNE\ivysettings.xml" />
    <property name="java.specification.vendor.ivy.instance" value="Oracle Corporation" />
    <property name="java.vendor.ivy.instance" value="Oracle Corporation" />
    <property name="sun.cpu.isalist.ivy.instance" value="amd64" />
    <property name="ivy.jar.available" value="true" />
    <property name="java.specification.name" value="Java Platform API Specification" />
    <property name="user.timezone" value="" />
    <property name="java.endorsed.dirs.ivy.instance" value="C:\Program Files\Java\jre1.8.0_73\lib\endorsed" />
    <property name="user.script" value="" />
    <property name="path.separator" value=";" />
    <property name="java.class.version.ivy.instance" value="52.0" />
    <property name="ivy.default.conf.dir" value="jar:file:/C:/Users/Angela/.p2/pool/plugins/org.apache.ivy.eclipse.ant_2.4.0.final_20141213170938/ivy.jar!/org/apache/ivy/core/settings" />
    <property name="file.encoding" value="Cp1252" />
    <property name="java.runtime.name.ivy.instance" value="Java(TM) SE Runtime Environment" />
    <property name="ivy.resolve.default.type.filter.ivy.instance" value="*" />
    <property name="ant.project.default-target" value="build" />
    <property name="ivy.parents.count" value="0" />
    <property name="sun.java.command" value="org.apache.tools.ant.taskdefs.optional.junit.JUnitTestRunner edu.odu.cs.cs350.namex.UnitTests.testTrainer skipNonTests=false filtertrace=true haltOnError=false haltOnFailure=false showoutput=false outputtoformatters=true logfailedtests=true threadid=0 logtestlistenerevents=false formatter=org.apache.tools.ant.taskdefs.optional.junit.PlainJUnitResultFormatter formatter=org.apache.tools.ant.taskdefs.optional.junit.XMLJUnitResultFormatter,C:\Users\Angela\git\Red2\PNE\target\test-results\TEST-edu.odu.cs.cs350.namex.UnitTests.testTrainer.xml crashfile=C:\Users\Angela\git\Red2\PNE\junitvmwatcher3335676753066078202.properties propsfile=C:\Users\Angela\git\Red2\PNE\junit6293722923711649195.properties" />
    <property name="ant.file" value="C:\Users\Angela\git\Red2\PNE\build.xml" />
    <property name="ivy.distrib.dir.ivy.instance" value="C:\Users\Angela\git\Red2\PNE/distrib" />
    <property name="ivy.checksums.ivy.instance" value="sha1,md5" />
    <property name="sun.arch.data.model.ivy.instance" value="64" />
    <property name="ivy.build.artifacts.dir.ivy.instance" value="C:\Users\Angela\git\Red2\PNE/build/artifacts" />
    <property name="user.variant.ivy.instance" value="" />
    <property name="ivy.settings.file" value="ivysettings.xml" />
    <property name="java.io.tmpdir" value="C:\Users\Angela\AppData\Local\Temp\" />
    <property name="ivy.buildlist.ivyfilepath.ivy.instance" value="ivy.xml" />
    <property name="ivy.cache.ttl.default" value="10s" />
    <property name="user.language" value="en" />
    <property name="user.dir.ivy.instance" value="C:\Users\Angela\git\Red2\PNE" />
    <property name="ivy.home.ivy.instance" value="C:\Users\Angela\.ivy2" />
    <property name="line.separator" value="&#xd;&#xa;" />
    <property name="java.specification.version.ivy.instance" value="1.8" />
    <property name="ivy.build.artifacts.dir" value="C:\Users\Angela\git\Red2\PNE/build/artifacts" />
    <property name="ivy.settings.dir.url" value="file:/C:/Users/Angela/git/Red2/PNE/" />
    <property name="sun.io.unicode.encoding.ivy.instance" value="UnicodeLittle" />
    <property name="ivy.status" value="integration" />
    <property name="java.vm.info" value="mixed mode" />
    <property name="ivy.lib.dir" value="C:\Users\Angela\git\Red2\PNE/lib" />
    <property name="sun.desktop" value="windows" />
    <property name="java.vm.specification.name" value="Java Virtual Machine Specification" />
    <property name="ivy.default.conf.dir.ivy.instance" value="jar:file:/C:/Users/Angela/.p2/pool/plugins/org.apache.ivy.eclipse.ant_2.4.0.final_20141213170938/ivy.jar!/org/apache/ivy/core/settings" />
    <property name="java.vm.version.ivy.instance" value="25.73-b02" />
    <property name="ivy.install.version" value="2.3.0" />
    <property name="user.name.ivy.instance" value="Angela" />
    <property name="ivy.cache.dir" value="C:\Users\Angela\.ivy2\cache" />
    <property name="java.awt.printerjob" value="sun.awt.windows.WPrinterJob" />
    <property name="java.io.tmpdir.ivy.instance" value="C:\Users\Angela\AppData\Local\Temp\" />
    <property name="ant.version" value="Apache Ant(TM) version 1.9.4 compiled on April 29 2014" />
    <property name="java.home.ivy.instance" value="C:\Program Files\Java\jre1.8.0_73" />
    <property name="java.vm.vendor.ivy.instance" value="Oracle Corporation" />
    <property name="user.script.ivy.instance" value="" />
    <property name="ivy.default.settings.dir" value="jar:file:/C:/Users/Angela/.p2/pool/plugins/org.apache.ivy.eclipse.ant_2.4.0.final_20141213170938/ivy.jar!/org/apache/ivy/core/settings" />
    <property name="ivy.configurations" value="*" />
    <property name="ivy.settings.url" value="file:/C:/Users/Angela/git/Red2/PNE/ivysettings.xml" />
    <property name="os.name" value="Windows 7" />
    <property name="java.specification.vendor" value="Oracle Corporation" />
    <property name="sun.jnu.encoding.ivy.instance" value="Cp1252" />
    <property name="ivy.deliver.ivy.pattern.ivy.instance" value="C:\Users\Angela\git\Red2\PNE/distrib/[type]s/[artifact]-[revision](-[classifier]).[ext]" />
    <property name="ivy.checksums" value="sha1,md5" />
    <property name="java.vm.name" value="Java HotSpot(TM) 64-Bit Server VM" />
    <property name="ivy.jar.file" value="C:\Users\Angela\git\Red2\PNE/ivy/ivy.jar" />
    <property name="ivy.log.modules.in.use" value="false" />
    <property name="java.runtime.version.ivy.instance" value="1.8.0_73-b02" />
    <property name="ivy.report.output.pattern" value="[organisation]-[module]-[conf].[ext]" />
    <property name="ivy.version" value="2.4.0" />
    <property name="java.library.path" value="C:\Program Files\Java\jre1.8.0_73\bin;C:\Windows\Sun\Java\bin;C:\Windows\system32;C:\Windows;C:/Program Files/Java/jre1.8.0_73/bin/server;C:/Program Files/Java/jre1.8.0_73/bin;C:/Program Files/Java/jre1.8.0_73/lib/amd64;C:\ProgramData\Oracle\Java\javapath;C:\Program Files\Common Files\Microsoft Shared\Windows Live;C:\Program Files (x86)\Common Files\Microsoft Shared\Windows Live;C:\Windows\system32;C:\Windows;C:\Windows\System32\Wbem;C:\Windows\System32\WindowsPowerShell\v1.0\;C:\Program Files\Dell\DW WLAN Card;c:\Program Files (x86)\Common Files\Roxio Shared\DLLShared\;C:\Program Files (x86)\Common Files\Roxio Shared\9.0\DLLShared\;C:\Program Files (x86)\Windows Live\Shared;C:\Program Files (x86)\QuickTime\QTSystem\;C:\Program Files\OpenSSH\bin;C:\MinGW\bin;C:\Program Files\Weka-3-6\weka.jar;C:\Program Files\Java\jdk1.8.0_73\bin;C:\Program Files\apache-ant-1.9.6\bin;C:\Users\Angela\Desktop;;." />
    <property name="ivy.conf.url" value="file:/C:/Users/Angela/git/Red2/PNE/ivysettings.xml" />
    <property name="java.vm.name.ivy.instance" value="Java HotSpot(TM) 64-Bit Server VM" />
    <property name="os.version.ivy.instance" value="6.1" />
    <property name="line.separator.ivy.instance" value="&#xd;&#xa;" />
    <property name="ant.java.version" value="1.8" />
    <property name="sun.desktop.ivy.instance" value="windows" />
    <property name="sun.cpu.endian.ivy.instance" value="little" />
    <property name="java.vm.specification.name.ivy.instance" value="Java Virtual Machine Specification" />
    <property name="basedir" value="C:\Users\Angela\git\Red2\PNE" />
    <property name="java.class.version" value="52.0" />
    <property name="ivy.settings.url.ivy.instance" value="file:/C:/Users/Angela/git/Red2/PNE/ivysettings.xml" />
    <property name="path.separator.ivy.instance" value=";" />
    <property name="sun.boot.class.path.ivy.instance" value="C:\Program Files\Java\jre1.8.0_73\lib\resources.jar;C:\Program Files\Java\jre1.8.0_73\lib\rt.jar;C:\Program Files\Java\jre1.8.0_73\lib\sunrsasign.jar;C:\Program Files\Java\jre1.8.0_73\lib\jsse.jar;C:\Program Files\Java\jre1.8.0_73\lib\jce.jar;C:\Program Files\Java\jre1.8.0_73\lib\charsets.jar;C:\Program Files\Java\jre1.8.0_73\lib\jfr.jar;C:\Program Files\Java\jre1.8.0_73\classes" />
    <property name="ant.home" value="C:\Users\Angela\.p2\pool\plugins\org.apache.ant_1.9.4.v201504302020" />
    <property name="ivy.resolved.configurations" value="default" />
    <property name="ivy.deliver.ivy.pattern" value="C:\Users\Angela\git\Red2\PNE/distrib/[type]s/[artifact]-[revision](-[classifier]).[ext]" />
    <property name="sun.boot.library.path" value="C:\Program Files\Java\jre1.8.0_73\bin" />
    <property name="ivy.default.always.check.exact.revision.ivy.instance" value="false" />
    <property name="java.library.path.ivy.instance" value="C:\Users\Angela\eclipse\java-mars\eclipse;C:\Windows\Sun\Java\bin;C:\Windows\system32;C:\Windows;C:/Program Files/Java/jre1.8.0_73/bin/server;C:/Program Files/Java/jre1.8.0_73/bin;C:/Program Files/Java/jre1.8.0_73/lib/amd64;C:\ProgramData\Oracle\Java\javapath;C:\Program Files\Common Files\Microsoft Shared\Windows Live;C:\Program Files (x86)\Common Files\Microsoft Shared\Windows Live;C:\Windows\system32;C:\Windows;C:\Windows\System32\Wbem;C:\Windows\System32\WindowsPowerShell\v1.0\;C:\Program Files\Dell\DW WLAN Card;c:\Program Files (x86)\Common Files\Roxio Shared\DLLShared\;C:\Program Files (x86)\Common Files\Roxio Shared\9.0\DLLShared\;C:\Program Files (x86)\Windows Live\Shared;C:\Program Files (x86)\QuickTime\QTSystem\;C:\Program Files\OpenSSH\bin;C:\MinGW\bin;C:\Program Files\Weka-3-6\weka.jar;C:\Program Files\Java\jdk1.8.0_73\bin;C:\Program Files\apache-ant-1.9.6\bin;C:\Users\Angela\Desktop;;.;C:\Users\Angela\eclipse\java-mars\eclipse\configuration\org.eclipse.osgi\388\0\.cp" />
    <property name="awt.toolkit.ivy.instance" value="sun.awt.windows.WToolkit" />
    <property name="ivy.basedir" value="C:\Users\Angela\git\Red2\PNE" />
    <property name="sun.management.compiler" value="HotSpot 64-Bit Tiered Compilers" />
    <property name="java.ext.dirs.ivy.instance" value="C:\Program Files\Java\jre1.8.0_73\lib\ext;C:\Windows\Sun\Java\lib\ext" />
    <property name="java.awt.graphicsenv" value="sun.awt.Win32GraphicsEnvironment" />
    <property name="user.variant" value="" />
    <property name="ivy.log.modules.in.use.ivy.instance" value="false" />
    <property name="ivy.settings.dir.url.ivy.instance" value="file:/C:/Users/Angela/git/Red2/PNE/" />
    <property name="sun.os.patch.level.ivy.instance" value="Service Pack 1" />
    <property name="file.encoding.pkg.ivy.instance" value="sun.io" />
    <property name="ivy.resolver.default.check.modified" value="false" />
    <property name="ivy.settings.file.ivy.instance" value="C:\Users\Angela\git\Red2\PNE\ivysettings.xml" />
    <property name="ant.project.name" value="Personal Name Extractor" />
    <property name="java.vm.specification.version" value="1.8" />
    <property name="ivy.cache.dir.ivy.instance" value="C:\Users\Angela\.ivy2\cache" />
    <property name="ivy.status.ivy.instance" value="integration" />
    <property name="awt.toolkit" value="sun.awt.windows.WToolkit" />
    <property name="sun.cpu.isalist" value="amd64" />
    <property name="ant.file.type.Personal Name Extractor" value="file" />
    <property name="file.separator.ivy.instance" value="\" />
    <property name="ivy.deps.changed" value="false" />
    <property name="java.ext.dirs" value="C:\Program Files\Java\jre1.8.0_73\lib\ext;C:\Windows\Sun\Java\lib\ext" />
    <property name="os.version" value="6.1" />
    <property name="user.home" value="C:\Users\Angela" />
    <property name="sun.java.launcher.ivy.instance" value="SUN_STANDARD" />
    <property name="java.vm.vendor" value="Oracle Corporation" />
    <property name="ivy.organisation" value="edu.odu.cs" />
    <property name="user.dir" value="C:\Users\Angela\git\Red2\PNE" />
    <property name="ant.library.dir.ivy.instance" value="C:\Users\Angela\.p2\pool\plugins\org.apache.ant_1.9.4.v201504302020\lib" />
    <property name="java.vm.info.ivy.instance" value="mixed mode" />
    <property name="ivy.publish.src.artifacts.pattern" value="C:\Users\Angela\git\Red2\PNE/distrib/[type]s/[artifact]-[revision](-[classifier]).[ext]" />
    <property name="sun.java.command.ivy.instance" value="org.eclipse.ant.internal.launching.remote.InternalAntRunner -Dorg.eclipse.ant.core.ANT_PROCESS_ID=1460238858279 -Declipse.connect.port=50202 -Dant.home=C:\Users\Angela\.p2\pool\plugins\org.apache.ant_1.9.4.v201504302020 -logger org.eclipse.ant.internal.launching.remote.logger.RemoteAntBuildLogger -inputhandler org.eclipse.ant.internal.ui.antsupport.inputhandler.ProxyInputHandler -eclipseTask antlib:org.apache.ivy.ant:configure,org.apache.ivy.ant.IvyConfigure -eclipseTask antlib:org.apache.ivy.ant:resolve,org.apache.ivy.ant.IvyResolve -eclipseTask antlib:org.apache.ivy.ant:retrieve,org.apache.ivy.ant.IvyRetrieve -eclipseTask antlib:org.apache.ivy.ant:deliver,org.apache.ivy.ant.IvyDeliver -eclipseTask antlib:org.apache.ivy.ant:publish,org.apache.ivy.ant.IvyPublish -eclipseTask antlib:org.apache.ivy.ant:extract,org.apache.ivy.ant.IvyExtractFromSources -eclipseTask antlib:org.apache.ivy.ant:cachepath,org.apache.ivy.ant.IvyCachePath -eclipseTask antlib:org.apache.ivy.ant:cachefileset,org.apache.ivy.ant.IvyCacheFileset -eclipseTask antlib:org.apache.ivy.ant:report,org.apache.ivy.ant.IvyReport -eclipseTask antlib:org.apache.ivy.ant:repreport,org.apache.ivy.ant.IvyRepositoryReport -eclipseTask antlib:org.apache.ivy.ant:var,org.apache.ivy.ant.IvyVar -eclipseTask antlib:org.apache.ivy.ant:check,org.apache.ivy.ant.IvyCheck -eclipseTask antlib:org.apache.ivy.ant:artifactproperty,org.apache.ivy.ant.IvyArtifactProperty -eclipseTask antlib:org.apache.ivy.ant:buildlist,org.apache.ivy.ant.IvyBuildList -eclipseTask antlib:org.apache.ivy.ant:install,org.apache.ivy.ant.IvyInstall -eclipseTask antlib:org.apache.ivy.ant:convertpom,org.apache.ivy.ant.IvyConvertPom -eclipseTask antlib:org.apache.ivy.ant:makepom,org.apache.ivy.ant.IvyMakePom -eclipseTask antlib:org.apache.ivy.ant:artifactreport,org.apache.ivy.ant.IvyArtifactReport -eclipseTask antlib:org.apache.ivy.ant:info,org.apache.ivy.ant.IvyInfo -eclipseTask antlib:org.apache.ivy.ant:addpath,org.apache.ivy.ant.AddPathTask -eclipseTask antlib:org.apache.ivy.ant:listmodules,org.apache.ivy.ant.IvyListModules -eclipseTask antlib:org.apache.ivy.ant:findrevision,org.apache.ivy.ant.IvyFindRevision -eclipseTask antlib:org.apache.ivy.ant:buildnumber,org.apache.ivy.ant.IvyBuildNumber -eclipseTask antlib:org.apache.ivy.ant:cleancache,org.apache.ivy.ant.IvyCleanCache -eclipseTask antlib:org.apache.ivy.ant:buildobr,org.apache.ivy.ant.BuildOBRTask -eclipseTask antlib:org.apache.ivy.ant:convertmanifest,org.apache.ivy.ant.ConvertManifestTask -eclipseTask antlib:org.apache.ivy.ant:fixdeps,org.apache.ivy.ant.FixDepsTask -eclipseTask antlib:org.apache.ivy.ant:dependencytree,org.apache.ivy.ant.IvyDependencyTree -eclipseTask antlib:org.apache.ivy.ant:checkdepsupdate,org.apache.ivy.ant.IvyDependencyUpdateChecker -eclipseType antlib:org.apache.ivy.ant:settings,org.apache.ivy.ant.IvyAntSettings -eclipseType antlib:org.apache.ivy.ant:resources,org.apache.ivy.ant.IvyResources -buildfile C:\Users\Angela\git\Red2\PNE\build.xml" />
    <property name="ivy.distrib.dir" value="C:\Users\Angela\git\Red2\PNE/distrib" />
    <property name="sun.cpu.endian" value="little" />
    <property name="ivy.revision" value="working@Angela-PC" />
    <property name="user.timezone.ivy.instance" value="America/New_York" />
    <property name="java.vm.version" value="25.73-b02" />
    <property name="java.class.path" value="C:\Users\Angela\git\Red2\PNE\target\classes;C:\Users\Angela\git\Red2\PNE\target\test-classes;C:\Users\Angela\.ivy2\cache\junit\junit\jars\junit-4.11.jar;C:\Users\Angela\.ivy2\cache\org.hamcrest\hamcrest-core\jars\hamcrest-core-1.3.jar;C:\Users\Angela\.ivy2\cache\nz.ac.waikato.cms.weka\weka-stable\jars\weka-stable-3.6.12.jar;C:\Users\Angela\.ivy2\cache\net.sf.squirrel-sql.thirdparty-non-maven\java-cup\jars\java-cup-0.11a.jar;C:\Users\Angela\git\Red2\PNE;C:\Program Files (x86)\Java\jre6\lib\ext\QTJava.zip;C:\Program Files\Weka-3-6\weka.jar;C:\Program Files\Java\jdk1.8.0_73\bin;C:\Program Files\apache-ant-1.9.6\bin;C:\Users\Angela\.p2\pool\plugins\org.apache.ant_1.9.4.v201504302020\lib\ant-launcher.jar;C:\Users\Angela\.p2\pool\plugins\org.apache.ant_1.9.4.v201504302020\lib\ant.jar;C:\Users\Angela\.p2\pool\plugins\org.apache.ant_1.9.4.v201504302020\lib\ant-junit.jar;C:\Users\Angela\.p2\pool\plugins\org.apache.ant_1.9.4.v201504302020\lib\ant-junit4.jar" />
    <property name="ivy.default.ivy.user.dir" value="C:\Users\Angela\.ivy2" />
    <property name="user.home.ivy.instance" value="C:\Users\Angela" />
    <property name="basedir.ivy.instance" value="C:\Users\Angela\git\Red2\PNE" />
    <property name="ant.library.dir" value="C:\Users\Angela\.p2\pool\plugins\org.apache.ant_1.9.4.v201504302020\lib" />
    <property name="os.arch" value="amd64" />
    <property name="ivy.jar.dir" value="C:\Users\Angela\git\Red2\PNE/ivy" />
    <property name="ivy.conf.file" value="C:\Users\Angela\git\Red2\PNE\ivysettings.xml" />
    <property name="java.awt.graphicsenv.ivy.instance" value="sun.awt.Win32GraphicsEnvironment" />
    <property name="java.vendor.url.bug.ivy.instance" value="http://bugreport.sun.com/bugreport/" />
    <property name="java.vm.specification.version.ivy.instance" value="1.8" />
    <property name="sun.java.launcher" value="SUN_STANDARD" />
    <property name="java.awt.printerjob.ivy.instance" value="sun.awt.windows.WPrinterJob" />
    <property name="ivy.settings.dir.ivy.instance" value="C:\Users\Angela\git\Red2\PNE" />
    <property name="ivy.resolver.default.check.modified.ivy.instance" value="false" />
    <property name="ant.core.lib" value="C:\Users\Angela\.p2\pool\plugins\org.apache.ant_1.9.4.v201504302020\lib\ant.jar" />
    <property name="java.vm.specification.vendor" value="Oracle Corporation" />
    <property name="ivy.settings.dir" value="C:\Users\Angela\git\Red2\PNE" />
    <property name="file.separator" value="\" />
    <property name="user.language.ivy.instance" value="en" />
    <property name="user.country.ivy.instance" value="US" />
    <property name="ivy.conf.url.ivy.instance" value="file:/C:/Users/Angela/git/Red2/PNE/ivysettings.xml" />
    <property name="java.runtime.version" value="1.8.0_73-b02" />
    <property name="java.specification.name.ivy.instance" value="Java Platform API Specification" />
    <property name="sun.boot.class.path" value="C:\Program Files\Java\jre1.8.0_73\lib\resources.jar;C:\Program Files\Java\jre1.8.0_73\lib\rt.jar;C:\Program Files\Java\jre1.8.0_73\lib\sunrsasign.jar;C:\Program Files\Java\jre1.8.0_73\lib\jsse.jar;C:\Program Files\Java\jre1.8.0_73\lib\jce.jar;C:\Program Files\Java\jre1.8.0_73\lib\charsets.jar;C:\Program Files\Java\jre1.8.0_73\lib\jfr.jar;C:\Program Files\Java\jre1.8.0_73\classes" />
    <property name="ivy.conf.dir" value="C:\Users\Angela\git\Red2\PNE" />
    <property name="ivy.retrieve.pattern" value="C:\Users\Angela\git\Red2\PNE/lib/[artifact]-[revision](-[classifier]).[ext]" />
    <property name="user.country" value="US" />
    <property name="java.version.ivy.instance" value="1.8.0_73" />
    <property name="ant.file.Personal Name Extractor" value="C:\Users\Angela\git\Red2\PNE\build.xml" />
    <property name="ivy.resolved.file" value="C:\Users\Angela\git\Red2\PNE\ivy.xml" />
    <property name="os.arch.ivy.instance" value="amd64" />
    <property name="java.vendor" value="Oracle Corporation" />
    <property name="ivy.project.dir" value="C:\Users\Angela\git\Red2\PNE" />
    <property name="java.specification.version" value="1.8" />
    <property name="sun.arch.data.model" value="64" />
    <property name="ivy.buildlist.ivyfilepath" value="ivy.xml" />
  </properties>
  <testcase classname="edu.odu.cs.cs350.namex.UnitTests.testTrainer" name="test" time="0.015">
    <failure message="Not yet implemented" type="junit.framework.AssertionFailedError">junit.framework.AssertionFailedError: Not yet implemented
	at edu.odu.cs.cs350.namex.UnitTests.testTrainer.test(testTrainer.java:11)
</failure>
  </testcase>
  <system-out><![CDATA[]]></system-out>
  <system-err><![CDATA[]]></system-err>
</testsuite>
